

***********************************************************************
Fatal NI connect error 12545, connecting to:
 (DESCRIPTION=(ADDRESS=(PROTOCOL=beq)(PROGRAM=/opt/oracle/OraHome_1/bin/oracle)(ARGV0=oracle)(ARGS='(DESCRIPTION=(LOCAL=YES)(ADDRESS=(PROTOCOL=beq)))')(DETACH=NO))(CONNECT_DATA=(CID=(PROGRAM=)(HOST=eros.cs.txstate.edu)(USER=wp01))))

  VERSION INFORMATION:
	TNS for Linux: Version 9.2.0.4.0 - Production
	Oracle Bequeath NT Protocol Adapter for Linux: Version 9.2.0.4.0 - Production
  Time: 06-MAR-2008 11:17:04
  Tracing not turned on.
  Tns error struct:
    nr err code: 0
    ns main err code: 12545
    TNS-12545: Connect failed because target host or object does not exist
    ns secondary err code: 12560
    nt main err code: 515
    TNS-00515: Connect failed because target host or object does not exist
    nt secondary err code: 2
    nt OS err code: 0


***********************************************************************
Fatal NI connect error 12545, connecting to:
 (DESCRIPTION=(ADDRESS=(PROTOCOL=beq)(PROGRAM=/opt/oracle/OraHome_1/bin/oracle)(ARGV0=oracle)(ARGS='(DESCRIPTION=(LOCAL=YES)(ADDRESS=(PROTOCOL=beq)))')(DETACH=NO))(CONNECT_DATA=(CID=(PROGRAM=)(HOST=eros.cs.txstate.edu)(USER=wp01))))

  VERSION INFORMATION:
	TNS for Linux: Version 9.2.0.4.0 - Production
	Oracle Bequeath NT Protocol Adapter for Linux: Version 9.2.0.4.0 - Production
  Time: 06-MAR-2008 11:17:19
  Tracing not turned on.
  Tns error struct:
    nr err code: 0
    ns main err code: 12545
    TNS-12545: Connect failed because target host or object does not exist
    ns secondary err code: 12560
    nt main err code: 515
    TNS-00515: Connect failed because target host or object does not exist
    nt secondary err code: 2
    nt OS err code: 0


***********************************************************************
Fatal NI connect error 12545, connecting to:
 (DESCRIPTION=(ADDRESS=(PROTOCOL=beq)(PROGRAM=/opt/oracle/OraHome_1/bin/oracle)(ARGV0=oracle)(ARGS='(DESCRIPTION=(LOCAL=YES)(ADDRESS=(PROTOCOL=beq)))')(DETACH=NO))(CONNECT_DATA=(CID=(PROGRAM=)(HOST=eros.cs.txstate.edu)(USER=wp01))))

  VERSION INFORMATION:
	TNS for Linux: Version 9.2.0.4.0 - Production
	Oracle Bequeath NT Protocol Adapter for Linux: Version 9.2.0.4.0 - Production
  Time: 06-MAR-2008 11:23:14
  Tracing not turned on.
  Tns error struct:
    nr err code: 0
    ns main err code: 12545
    TNS-12545: Connect failed because target host or object does not exist
    ns secondary err code: 12560
    nt main err code: 515
    TNS-00515: Connect failed because target host or object does not exist
    nt secondary err code: 2
    nt OS err code: 0


***********************************************************************
Fatal NI connect error 12545, connecting to:
 (DESCRIPTION=(ADDRESS=(PROTOCOL=beq)(PROGRAM=/opt/oracle/OraHome_1/bin/oracle)(ARGV0=oracle)(ARGS='(DESCRIPTION=(LOCAL=YES)(ADDRESS=(PROTOCOL=beq)))')(DETACH=NO))(CONNECT_DATA=(CID=(PROGRAM=)(HOST=eros.cs.txstate.edu)(USER=wp01))))

  VERSION INFORMATION:
	TNS for Linux: Version 9.2.0.4.0 - Production
	Oracle Bequeath NT Protocol Adapter for Linux: Version 9.2.0.4.0 - Production
  Time: 06-MAR-2008 11:23:42
  Tracing not turned on.
  Tns error struct:
    nr err code: 0
    ns main err code: 12545
    TNS-12545: Connect failed because target host or object does not exist
    ns secondary err code: 12560
    nt main err code: 515
    TNS-00515: Connect failed because target host or object does not exist
    nt secondary err code: 2
    nt OS err code: 0


***********************************************************************
Fatal NI connect error 12545, connecting to:
 (DESCRIPTION=(ADDRESS=(PROTOCOL=beq)(PROGRAM=/opt/oracle/OraHome_1/bin/oracle)(ARGV0=oracle)(ARGS='(DESCRIPTION=(LOCAL=YES)(ADDRESS=(PROTOCOL=beq)))')(DETACH=NO))(CONNECT_DATA=(CID=(PROGRAM=)(HOST=eros.cs.txstate.edu)(USER=wp01))))

  VERSION INFORMATION:
	TNS for Linux: Version 9.2.0.4.0 - Production
	Oracle Bequeath NT Protocol Adapter for Linux: Version 9.2.0.4.0 - Production
  Time: 20-MAR-2008 19:53:14
  Tracing not turned on.
  Tns error struct:
    nr err code: 0
    ns main err code: 12545
    TNS-12545: Connect failed because target host or object does not exist
    ns secondary err code: 12560
    nt main err code: 515
    TNS-00515: Connect failed because target host or object does not exist
    nt secondary err code: 2
    nt OS err code: 0


***********************************************************************
Fatal NI connect error 12545, connecting to:
 (DESCRIPTION=(ADDRESS=(PROTOCOL=beq)(PROGRAM=/opt/oracle/OraHome_1/bin/oracle)(ARGV0=oraclecsoracle)(ARGS='(DESCRIPTION=(LOCAL=YES)(ADDRESS=(PROTOCOL=beq)))')(DETACH=NO))(CONNECT_DATA=(CID=(PROGRAM=)(HOST=eros.cs.txstate.edu)(USER=wp01))))

  VERSION INFORMATION:
	TNS for Linux: Version 9.2.0.4.0 - Production
	Oracle Bequeath NT Protocol Adapter for Linux: Version 9.2.0.4.0 - Production
  Time: 20-MAR-2008 19:53:46
  Tracing not turned on.
  Tns error struct:
    nr err code: 0
    ns main err code: 12545
    TNS-12545: Connect failed because target host or object does not exist
    ns secondary err code: 12560
    nt main err code: 515
    TNS-00515: Connect failed because target host or object does not exist
    nt secondary err code: 2
    nt OS err code: 0


***********************************************************************
Fatal NI connect error 12545, connecting to:
 (DESCRIPTION=(ADDRESS=(PROTOCOL=beq)(PROGRAM=/opt/oracle/OraHome_1/bin/oracle)(ARGV0=oraclecsoracle)(ARGS='(DESCRIPTION=(LOCAL=YES)(ADDRESS=(PROTOCOL=beq)))')(DETACH=NO))(CONNECT_DATA=(CID=(PROGRAM=)(HOST=eros.cs.txstate.edu)(USER=wp01))))

  VERSION INFORMATION:
	TNS for Linux: Version 9.2.0.4.0 - Production
	Oracle Bequeath NT Protocol Adapter for Linux: Version 9.2.0.4.0 - Production
  Time: 20-MAR-2008 19:54:13
  Tracing not turned on.
  Tns error struct:
    nr err code: 0
    ns main err code: 12545
    TNS-12545: Connect failed because target host or object does not exist
    ns secondary err code: 12560
    nt main err code: 515
    TNS-00515: Connect failed because target host or object does not exist
    nt secondary err code: 2
    nt OS err code: 0


***********************************************************************
Fatal NI connect error 12545, connecting to:
 (DESCRIPTION=(ADDRESS=(PROTOCOL=beq)(PROGRAM=/opt/oracle/OraHome_1/bin/oracle)(ARGV0=oraclecsoracle)(ARGS='(DESCRIPTION=(LOCAL=YES)(ADDRESS=(PROTOCOL=beq)))')(DETACH=NO))(CONNECT_DATA=(CID=(PROGRAM=)(HOST=eros.cs.txstate.edu)(USER=wp01))))

  VERSION INFORMATION:
	TNS for Linux: Version 9.2.0.4.0 - Production
	Oracle Bequeath NT Protocol Adapter for Linux: Version 9.2.0.4.0 - Production
  Time: 20-MAR-2008 20:20:30
  Tracing not turned on.
  Tns error struct:
    nr err code: 0
    ns main err code: 12545
    TNS-12545: Connect failed because target host or object does not exist
    ns secondary err code: 12560
    nt main err code: 515
    TNS-00515: Connect failed because target host or object does not exist
    nt secondary err code: 2
    nt OS err code: 0
